[2025-07-10T01:48:47.638+0000] {taskinstance.py:1159} INFO - Dependencies all met for dep_context=non-requeueable deps ti=<TaskInstance: ecommerce_etl_pipeline.extract_transform_customers scheduled__2025-07-10T01:47:45.825066+00:00 [queued]>
[2025-07-10T01:48:47.647+0000] {taskinstance.py:1159} INFO - Dependencies all met for dep_context=requeueable deps ti=<TaskInstance: ecommerce_etl_pipeline.extract_transform_customers scheduled__2025-07-10T01:47:45.825066+00:00 [queued]>
[2025-07-10T01:48:47.647+0000] {taskinstance.py:1361} INFO - Starting attempt 1 of 4
[2025-07-10T01:48:47.664+0000] {taskinstance.py:1382} INFO - Executing <Task(PythonOperator): extract_transform_customers> on 2025-07-10 01:47:45.825066+00:00
[2025-07-10T01:48:47.671+0000] {standard_task_runner.py:57} INFO - Started process 195 to run task
[2025-07-10T01:48:47.676+0000] {standard_task_runner.py:84} INFO - Running: ['***', 'tasks', 'run', 'ecommerce_etl_pipeline', 'extract_transform_customers', 'scheduled__2025-07-10T01:47:45.825066+00:00', '--job-id', '662', '--raw', '--subdir', 'DAGS_FOLDER/ecommerce_etl_dag.py', '--cfg-path', '/tmp/tmp54svnx1r']
[2025-07-10T01:48:47.679+0000] {standard_task_runner.py:85} INFO - Job 662: Subtask extract_transform_customers
[2025-07-10T01:48:48.040+0000] {task_command.py:415} INFO - Running <TaskInstance: ecommerce_etl_pipeline.extract_transform_customers scheduled__2025-07-10T01:47:45.825066+00:00 [running]> on host fc060bb3c09b
[2025-07-10T01:48:48.165+0000] {taskinstance.py:1660} INFO - Exporting env vars: AIRFLOW_CTX_DAG_OWNER='data_team' AIRFLOW_CTX_DAG_ID='ecommerce_etl_pipeline' AIRFLOW_CTX_TASK_ID='extract_transform_customers' AIRFLOW_CTX_EXECUTION_DATE='2025-07-10T01:47:45.825066+00:00' AIRFLOW_CTX_TRY_NUMBER='1' AIRFLOW_CTX_DAG_RUN_ID='scheduled__2025-07-10T01:47:45.825066+00:00'
[2025-07-10T01:48:48.170+0000] {ecommerce_etl_dag.py:32} INFO - Bắt đầu extract customers data...
[2025-07-10T01:48:48.184+0000] {base.py:73} INFO - Using connection ID 'postgres_data' for task execution.
[2025-07-10T01:48:48.195+0000] {sql.py:418} INFO - Running statement: TRUNCATE TABLE target_data.dim_customers CASCADE;, parameters: None
[2025-07-10T01:48:48.281+0000] {base.py:73} INFO - Using connection ID 'postgres_data' for task execution.
[2025-07-10T01:48:48.296+0000] {logging_mixin.py:151} WARNING - /home/***/.local/lib/python3.9/site-packages/***/providers/common/sql/hooks/sql.py:219 UserWarning: pandas only supports SQLAlchemy connectable (engine/connection) or database string URI or sqlite3 DBAPI2 connection. Other DBAPI2 objects are not tested. Please consider using SQLAlchemy.
[2025-07-10T01:48:48.301+0000] {ecommerce_etl_dag.py:59} INFO - Extracted 455 customers
[2025-07-10T01:48:48.309+0000] {base.py:73} INFO - Using connection ID 'postgres_data' for task execution.
[2025-07-10T01:48:48.331+0000] {ecommerce_etl_dag.py:88} ERROR - Lỗi trong extract_and_transform_customers: duplicate key value violates unique constraint "dim_customers_customer_id_key"
DETAIL:  Key (customer_id)=(1) already exists.

[2025-07-10T01:48:48.333+0000] {taskinstance.py:1943} ERROR - Task failed with exception
Traceback (most recent call last):
  File "/home/airflow/.local/lib/python3.9/site-packages/airflow/operators/python.py", line 192, in execute
    return_value = self.execute_callable()
  File "/home/airflow/.local/lib/python3.9/site-packages/airflow/operators/python.py", line 209, in execute_callable
    return self.python_callable(*self.op_args, **self.op_kwargs)
  File "/opt/airflow/dags/ecommerce_etl_dag.py", line 79, in extract_and_transform_customers
    execute_values(cur, insert_query, data_tuples)
  File "/home/airflow/.local/lib/python3.9/site-packages/psycopg2/extras.py", line 1299, in execute_values
    cur.execute(b''.join(parts))
psycopg2.errors.UniqueViolation: duplicate key value violates unique constraint "dim_customers_customer_id_key"
DETAIL:  Key (customer_id)=(1) already exists.

[2025-07-10T01:48:48.349+0000] {taskinstance.py:1400} INFO - Marking task as UP_FOR_RETRY. dag_id=ecommerce_etl_pipeline, task_id=extract_transform_customers, execution_date=20250710T014745, start_date=20250710T014847, end_date=20250710T014848
[2025-07-10T01:48:48.375+0000] {standard_task_runner.py:104} ERROR - Failed to execute job 662 for task extract_transform_customers (duplicate key value violates unique constraint "dim_customers_customer_id_key"
DETAIL:  Key (customer_id)=(1) already exists.
; 195)
[2025-07-10T01:48:48.398+0000] {local_task_job_runner.py:228} INFO - Task exited with return code 1
[2025-07-10T01:48:48.700+0000] {taskinstance.py:2784} INFO - 0 downstream tasks scheduled from follow-on schedule check
