[2025-07-09T09:13:33.566+0000] {taskinstance.py:1159} INFO - Dependencies all met for dep_context=non-requeueable deps ti=<TaskInstance: ecommerce_etl_pipeline.extract_transform_products scheduled__2025-07-09T09:10:29.896960+00:00 [queued]>
[2025-07-09T09:13:33.575+0000] {taskinstance.py:1159} INFO - Dependencies all met for dep_context=requeueable deps ti=<TaskInstance: ecommerce_etl_pipeline.extract_transform_products scheduled__2025-07-09T09:10:29.896960+00:00 [queued]>
[2025-07-09T09:13:33.576+0000] {taskinstance.py:1361} INFO - Starting attempt 3 of 4
[2025-07-09T09:13:33.586+0000] {taskinstance.py:1382} INFO - Executing <Task(PythonOperator): extract_transform_products> on 2025-07-09 09:10:29.896960+00:00
[2025-07-09T09:13:33.590+0000] {standard_task_runner.py:57} INFO - Started process 376 to run task
[2025-07-09T09:13:33.593+0000] {standard_task_runner.py:84} INFO - Running: ['***', 'tasks', 'run', 'ecommerce_etl_pipeline', 'extract_transform_products', 'scheduled__2025-07-09T09:10:29.896960+00:00', '--job-id', '30', '--raw', '--subdir', 'DAGS_FOLDER/ecommerce_etl_dag.py', '--cfg-path', '/tmp/tmpxaaodmnc']
[2025-07-09T09:13:33.595+0000] {standard_task_runner.py:85} INFO - Job 30: Subtask extract_transform_products
[2025-07-09T09:13:33.757+0000] {task_command.py:415} INFO - Running <TaskInstance: ecommerce_etl_pipeline.extract_transform_products scheduled__2025-07-09T09:10:29.896960+00:00 [running]> on host fc060bb3c09b
[2025-07-09T09:13:33.811+0000] {taskinstance.py:1660} INFO - Exporting env vars: AIRFLOW_CTX_DAG_OWNER='data_team' AIRFLOW_CTX_DAG_ID='ecommerce_etl_pipeline' AIRFLOW_CTX_TASK_ID='extract_transform_products' AIRFLOW_CTX_EXECUTION_DATE='2025-07-09T09:10:29.896960+00:00' AIRFLOW_CTX_TRY_NUMBER='3' AIRFLOW_CTX_DAG_RUN_ID='scheduled__2025-07-09T09:10:29.896960+00:00'
[2025-07-09T09:13:33.812+0000] {ecommerce_etl_dag.py:93} INFO - Bắt đầu extract products data...
[2025-07-09T09:13:33.819+0000] {base.py:73} INFO - Using connection ID 'postgres_data' for task execution.
[2025-07-09T09:13:33.822+0000] {sql.py:418} INFO - Running statement: TRUNCATE TABLE target_data.dim_products CASCADE;, parameters: None
[2025-07-09T09:13:33.836+0000] {base.py:73} INFO - Using connection ID 'postgres_data' for task execution.
[2025-07-09T09:13:33.844+0000] {logging_mixin.py:151} WARNING - /home/***/.local/lib/python3.9/site-packages/***/providers/common/sql/hooks/sql.py:219 UserWarning: pandas only supports SQLAlchemy connectable (engine/connection) or database string URI or sqlite3 DBAPI2 connection. Other DBAPI2 objects are not tested. Please consider using SQLAlchemy.
[2025-07-09T09:13:33.847+0000] {ecommerce_etl_dag.py:122} INFO - Extracted 8 products
[2025-07-09T09:13:33.852+0000] {base.py:73} INFO - Using connection ID 'postgres_data' for task execution.
[2025-07-09T09:13:33.856+0000] {ecommerce_etl_dag.py:141} INFO - Loaded 8 products vào dim_products
[2025-07-09T09:13:33.857+0000] {python.py:194} INFO - Done. Returned value was: None
[2025-07-09T09:13:33.862+0000] {taskinstance.py:1400} INFO - Marking task as SUCCESS. dag_id=ecommerce_etl_pipeline, task_id=extract_transform_products, execution_date=20250709T091029, start_date=20250709T091333, end_date=20250709T091333
[2025-07-09T09:13:33.895+0000] {local_task_job_runner.py:228} INFO - Task exited with return code 0
[2025-07-09T09:13:34.101+0000] {taskinstance.py:2784} INFO - 0 downstream tasks scheduled from follow-on schedule check
