[2025-07-09T09:12:58.174+0000] {taskinstance.py:1159} INFO - Dependencies all met for dep_context=non-requeueable deps ti=<TaskInstance: ecommerce_etl_pipeline.extract_transform_customers manual__2025-07-09T09:10:51.713642+00:00 [queued]>
[2025-07-09T09:12:58.183+0000] {taskinstance.py:1159} INFO - Dependencies all met for dep_context=requeueable deps ti=<TaskInstance: ecommerce_etl_pipeline.extract_transform_customers manual__2025-07-09T09:10:51.713642+00:00 [queued]>
[2025-07-09T09:12:58.183+0000] {taskinstance.py:1361} INFO - Starting attempt 3 of 4
[2025-07-09T09:12:58.197+0000] {taskinstance.py:1382} INFO - Executing <Task(PythonOperator): extract_transform_customers> on 2025-07-09 09:10:51.713642+00:00
[2025-07-09T09:12:58.205+0000] {standard_task_runner.py:57} INFO - Started process 318 to run task
[2025-07-09T09:12:58.208+0000] {standard_task_runner.py:84} INFO - Running: ['***', 'tasks', 'run', 'ecommerce_etl_pipeline', 'extract_transform_customers', 'manual__2025-07-09T09:10:51.713642+00:00', '--job-id', '18', '--raw', '--subdir', 'DAGS_FOLDER/ecommerce_etl_dag.py', '--cfg-path', '/tmp/tmppe3spiid']
[2025-07-09T09:12:58.211+0000] {standard_task_runner.py:85} INFO - Job 18: Subtask extract_transform_customers
[2025-07-09T09:12:58.459+0000] {task_command.py:415} INFO - Running <TaskInstance: ecommerce_etl_pipeline.extract_transform_customers manual__2025-07-09T09:10:51.713642+00:00 [running]> on host fc060bb3c09b
[2025-07-09T09:12:58.507+0000] {taskinstance.py:1660} INFO - Exporting env vars: AIRFLOW_CTX_DAG_OWNER='data_team' AIRFLOW_CTX_DAG_ID='ecommerce_etl_pipeline' AIRFLOW_CTX_TASK_ID='extract_transform_customers' AIRFLOW_CTX_EXECUTION_DATE='2025-07-09T09:10:51.713642+00:00' AIRFLOW_CTX_TRY_NUMBER='3' AIRFLOW_CTX_DAG_RUN_ID='manual__2025-07-09T09:10:51.713642+00:00'
[2025-07-09T09:12:58.508+0000] {ecommerce_etl_dag.py:32} INFO - Bắt đầu extract customers data...
[2025-07-09T09:12:58.513+0000] {base.py:73} INFO - Using connection ID 'postgres_data' for task execution.
[2025-07-09T09:12:58.516+0000] {sql.py:418} INFO - Running statement: TRUNCATE TABLE target_data.dim_customers CASCADE;, parameters: None
[2025-07-09T09:12:58.536+0000] {base.py:73} INFO - Using connection ID 'postgres_data' for task execution.
[2025-07-09T09:12:58.550+0000] {logging_mixin.py:151} WARNING - /home/***/.local/lib/python3.9/site-packages/***/providers/common/sql/hooks/sql.py:219 UserWarning: pandas only supports SQLAlchemy connectable (engine/connection) or database string URI or sqlite3 DBAPI2 connection. Other DBAPI2 objects are not tested. Please consider using SQLAlchemy.
[2025-07-09T09:12:58.553+0000] {ecommerce_etl_dag.py:59} INFO - Extracted 5 customers
[2025-07-09T09:12:58.558+0000] {base.py:73} INFO - Using connection ID 'postgres_data' for task execution.
[2025-07-09T09:12:58.563+0000] {ecommerce_etl_dag.py:88} ERROR - Lỗi trong extract_and_transform_customers: duplicate key value violates unique constraint "dim_customers_customer_id_key"
DETAIL:  Key (customer_id)=(1) already exists.

[2025-07-09T09:12:58.563+0000] {taskinstance.py:1943} ERROR - Task failed with exception
Traceback (most recent call last):
  File "/home/airflow/.local/lib/python3.9/site-packages/airflow/operators/python.py", line 192, in execute
    return_value = self.execute_callable()
  File "/home/airflow/.local/lib/python3.9/site-packages/airflow/operators/python.py", line 209, in execute_callable
    return self.python_callable(*self.op_args, **self.op_kwargs)
  File "/opt/airflow/dags/ecommerce_etl_dag.py", line 79, in extract_and_transform_customers
    execute_values(cur, insert_query, data_tuples)
  File "/home/airflow/.local/lib/python3.9/site-packages/psycopg2/extras.py", line 1299, in execute_values
    cur.execute(b''.join(parts))
psycopg2.errors.UniqueViolation: duplicate key value violates unique constraint "dim_customers_customer_id_key"
DETAIL:  Key (customer_id)=(1) already exists.

[2025-07-09T09:12:58.570+0000] {taskinstance.py:1400} INFO - Marking task as UP_FOR_RETRY. dag_id=ecommerce_etl_pipeline, task_id=extract_transform_customers, execution_date=20250709T091051, start_date=20250709T091258, end_date=20250709T091258
[2025-07-09T09:12:58.579+0000] {standard_task_runner.py:104} ERROR - Failed to execute job 18 for task extract_transform_customers (duplicate key value violates unique constraint "dim_customers_customer_id_key"
DETAIL:  Key (customer_id)=(1) already exists.
; 318)
[2025-07-09T09:12:58.595+0000] {local_task_job_runner.py:228} INFO - Task exited with return code 1
[2025-07-09T09:12:58.699+0000] {taskinstance.py:2784} INFO - 0 downstream tasks scheduled from follow-on schedule check
