[2025-07-09T10:40:20.347+0000] {taskinstance.py:1159} INFO - Dependencies all met for dep_context=non-requeueable deps ti=<TaskInstance: ecommerce_etl_pipeline.create_daily_summary scheduled__2025-07-09T10:39:15.291024+00:00 [queued]>
[2025-07-09T10:40:20.351+0000] {taskinstance.py:1159} INFO - Dependencies all met for dep_context=requeueable deps ti=<TaskInstance: ecommerce_etl_pipeline.create_daily_summary scheduled__2025-07-09T10:39:15.291024+00:00 [queued]>
[2025-07-09T10:40:20.352+0000] {taskinstance.py:1361} INFO - Starting attempt 1 of 4
[2025-07-09T10:40:20.357+0000] {taskinstance.py:1382} INFO - Executing <Task(PythonOperator): create_daily_summary> on 2025-07-09 10:39:15.291024+00:00
[2025-07-09T10:40:20.360+0000] {standard_task_runner.py:57} INFO - Started process 3678 to run task
[2025-07-09T10:40:20.361+0000] {standard_task_runner.py:84} INFO - Running: ['***', 'tasks', 'run', 'ecommerce_etl_pipeline', 'create_daily_summary', 'scheduled__2025-07-09T10:39:15.291024+00:00', '--job-id', '531', '--raw', '--subdir', 'DAGS_FOLDER/ecommerce_etl_dag.py', '--cfg-path', '/tmp/tmpoiax5wr0']
[2025-07-09T10:40:20.363+0000] {standard_task_runner.py:85} INFO - Job 531: Subtask create_daily_summary
[2025-07-09T10:40:20.483+0000] {task_command.py:415} INFO - Running <TaskInstance: ecommerce_etl_pipeline.create_daily_summary scheduled__2025-07-09T10:39:15.291024+00:00 [running]> on host fc060bb3c09b
[2025-07-09T10:40:20.529+0000] {taskinstance.py:1660} INFO - Exporting env vars: AIRFLOW_CTX_DAG_OWNER='data_team' AIRFLOW_CTX_DAG_ID='ecommerce_etl_pipeline' AIRFLOW_CTX_TASK_ID='create_daily_summary' AIRFLOW_CTX_EXECUTION_DATE='2025-07-09T10:39:15.291024+00:00' AIRFLOW_CTX_TRY_NUMBER='1' AIRFLOW_CTX_DAG_RUN_ID='scheduled__2025-07-09T10:39:15.291024+00:00'
[2025-07-09T10:40:20.530+0000] {ecommerce_etl_dag.py:207} INFO - Tạo daily sales summary...
[2025-07-09T10:40:20.535+0000] {base.py:73} INFO - Using connection ID 'postgres_data' for task execution.
[2025-07-09T10:40:20.537+0000] {sql.py:418} INFO - Running statement: TRUNCATE TABLE target_data.daily_sales_summary;, parameters: None
[2025-07-09T10:40:20.548+0000] {base.py:73} INFO - Using connection ID 'postgres_data' for task execution.
[2025-07-09T10:40:20.550+0000] {sql.py:418} INFO - Running statement: 
        INSERT INTO target_data.daily_sales_summary 
        (summary_date, total_orders, total_revenue, total_customers, avg_order_value, top_selling_category)
        SELECT 
            fs.sale_date,
            COUNT(DISTINCT fs.order_id) as total_orders,
            SUM(fs.total_amount) as total_revenue,
            COUNT(DISTINCT fs.customer_key) as total_customers,
            AVG(fs.total_amount) as avg_order_value,
            'Electronics' as top_selling_category  -- Simplified for now
        FROM target_data.fact_sales fs
        GROUP BY fs.sale_date
        , parameters: None
[2025-07-09T10:40:20.552+0000] {sql.py:427} INFO - Rows affected: 89
[2025-07-09T10:40:20.553+0000] {ecommerce_etl_dag.py:230} INFO - Daily summary đã được tạo/cập nhật
[2025-07-09T10:40:20.553+0000] {python.py:194} INFO - Done. Returned value was: None
[2025-07-09T10:40:20.558+0000] {taskinstance.py:1400} INFO - Marking task as SUCCESS. dag_id=ecommerce_etl_pipeline, task_id=create_daily_summary, execution_date=20250709T103915, start_date=20250709T104020, end_date=20250709T104020
[2025-07-09T10:40:20.588+0000] {local_task_job_runner.py:228} INFO - Task exited with return code 0
[2025-07-09T10:40:20.602+0000] {taskinstance.py:2784} INFO - 1 downstream tasks scheduled from follow-on schedule check
