[2025-07-09T09:17:43.006+0000] {taskinstance.py:1159} INFO - Dependencies all met for dep_context=non-requeueable deps ti=<TaskInstance: ecommerce_etl_pipeline.extract_transform_products scheduled__2025-07-09T09:16:42.152013+00:00 [queued]>
[2025-07-09T09:17:43.017+0000] {taskinstance.py:1159} INFO - Dependencies all met for dep_context=requeueable deps ti=<TaskInstance: ecommerce_etl_pipeline.extract_transform_products scheduled__2025-07-09T09:16:42.152013+00:00 [queued]>
[2025-07-09T09:17:43.020+0000] {taskinstance.py:1361} INFO - Starting attempt 1 of 4
[2025-07-09T09:17:43.035+0000] {taskinstance.py:1382} INFO - Executing <Task(PythonOperator): extract_transform_products> on 2025-07-09 09:16:42.152013+00:00
[2025-07-09T09:17:43.042+0000] {standard_task_runner.py:57} INFO - Started process 235 to run task
[2025-07-09T09:17:43.047+0000] {standard_task_runner.py:84} INFO - Running: ['***', 'tasks', 'run', 'ecommerce_etl_pipeline', 'extract_transform_products', 'scheduled__2025-07-09T09:16:42.152013+00:00', '--job-id', '86', '--raw', '--subdir', 'DAGS_FOLDER/ecommerce_etl_dag.py', '--cfg-path', '/tmp/tmpbc5mpija']
[2025-07-09T09:17:43.050+0000] {standard_task_runner.py:85} INFO - Job 86: Subtask extract_transform_products
[2025-07-09T09:17:43.134+0000] {task_command.py:415} INFO - Running <TaskInstance: ecommerce_etl_pipeline.extract_transform_products scheduled__2025-07-09T09:16:42.152013+00:00 [running]> on host fc060bb3c09b
[2025-07-09T09:17:43.497+0000] {taskinstance.py:1660} INFO - Exporting env vars: AIRFLOW_CTX_DAG_OWNER='data_team' AIRFLOW_CTX_DAG_ID='ecommerce_etl_pipeline' AIRFLOW_CTX_TASK_ID='extract_transform_products' AIRFLOW_CTX_EXECUTION_DATE='2025-07-09T09:16:42.152013+00:00' AIRFLOW_CTX_TRY_NUMBER='1' AIRFLOW_CTX_DAG_RUN_ID='scheduled__2025-07-09T09:16:42.152013+00:00'
[2025-07-09T09:17:43.501+0000] {ecommerce_etl_dag.py:93} INFO - Bắt đầu extract products data...
[2025-07-09T09:17:43.515+0000] {base.py:73} INFO - Using connection ID 'postgres_data' for task execution.
[2025-07-09T09:17:43.531+0000] {sql.py:418} INFO - Running statement: TRUNCATE TABLE target_data.dim_products CASCADE;, parameters: None
[2025-07-09T09:17:43.632+0000] {base.py:73} INFO - Using connection ID 'postgres_data' for task execution.
[2025-07-09T09:17:43.656+0000] {logging_mixin.py:151} WARNING - /home/***/.local/lib/python3.9/site-packages/***/providers/common/sql/hooks/sql.py:219 UserWarning: pandas only supports SQLAlchemy connectable (engine/connection) or database string URI or sqlite3 DBAPI2 connection. Other DBAPI2 objects are not tested. Please consider using SQLAlchemy.
[2025-07-09T09:17:43.666+0000] {ecommerce_etl_dag.py:122} INFO - Extracted 8 products
[2025-07-09T09:17:43.703+0000] {base.py:73} INFO - Using connection ID 'postgres_data' for task execution.
[2025-07-09T09:17:43.729+0000] {ecommerce_etl_dag.py:141} INFO - Loaded 8 products vào dim_products
[2025-07-09T09:17:43.730+0000] {python.py:194} INFO - Done. Returned value was: None
[2025-07-09T09:17:43.743+0000] {taskinstance.py:1400} INFO - Marking task as SUCCESS. dag_id=ecommerce_etl_pipeline, task_id=extract_transform_products, execution_date=20250709T091642, start_date=20250709T091743, end_date=20250709T091743
[2025-07-09T09:17:43.787+0000] {local_task_job_runner.py:228} INFO - Task exited with return code 0
[2025-07-09T09:17:43.817+0000] {taskinstance.py:2784} INFO - 1 downstream tasks scheduled from follow-on schedule check
