[2025-07-09T10:44:16.653+0000] {taskinstance.py:1159} INFO - Dependencies all met for dep_context=non-requeueable deps ti=<TaskInstance: ecommerce_etl_pipeline.extract_transform_products scheduled__2025-07-09T10:43:15.291024+00:00 [queued]>
[2025-07-09T10:44:16.659+0000] {taskinstance.py:1159} INFO - Dependencies all met for dep_context=requeueable deps ti=<TaskInstance: ecommerce_etl_pipeline.extract_transform_products scheduled__2025-07-09T10:43:15.291024+00:00 [queued]>
[2025-07-09T10:44:16.659+0000] {taskinstance.py:1361} INFO - Starting attempt 1 of 4
[2025-07-09T10:44:16.669+0000] {taskinstance.py:1382} INFO - Executing <Task(PythonOperator): extract_transform_products> on 2025-07-09 10:43:15.291024+00:00
[2025-07-09T10:44:16.673+0000] {standard_task_runner.py:57} INFO - Started process 3834 to run task
[2025-07-09T10:44:16.677+0000] {standard_task_runner.py:84} INFO - Running: ['***', 'tasks', 'run', 'ecommerce_etl_pipeline', 'extract_transform_products', 'scheduled__2025-07-09T10:43:15.291024+00:00', '--job-id', '548', '--raw', '--subdir', 'DAGS_FOLDER/ecommerce_etl_dag.py', '--cfg-path', '/tmp/tmp73voonkw']
[2025-07-09T10:44:16.679+0000] {standard_task_runner.py:85} INFO - Job 548: Subtask extract_transform_products
[2025-07-09T10:44:16.883+0000] {task_command.py:415} INFO - Running <TaskInstance: ecommerce_etl_pipeline.extract_transform_products scheduled__2025-07-09T10:43:15.291024+00:00 [running]> on host fc060bb3c09b
[2025-07-09T10:44:16.934+0000] {taskinstance.py:1660} INFO - Exporting env vars: AIRFLOW_CTX_DAG_OWNER='data_team' AIRFLOW_CTX_DAG_ID='ecommerce_etl_pipeline' AIRFLOW_CTX_TASK_ID='extract_transform_products' AIRFLOW_CTX_EXECUTION_DATE='2025-07-09T10:43:15.291024+00:00' AIRFLOW_CTX_TRY_NUMBER='1' AIRFLOW_CTX_DAG_RUN_ID='scheduled__2025-07-09T10:43:15.291024+00:00'
[2025-07-09T10:44:16.935+0000] {ecommerce_etl_dag.py:93} INFO - Bắt đầu extract products data...
[2025-07-09T10:44:16.941+0000] {base.py:73} INFO - Using connection ID 'postgres_data' for task execution.
[2025-07-09T10:44:16.948+0000] {sql.py:418} INFO - Running statement: TRUNCATE TABLE target_data.dim_products CASCADE;, parameters: None
[2025-07-09T10:44:16.960+0000] {base.py:73} INFO - Using connection ID 'postgres_data' for task execution.
[2025-07-09T10:44:16.968+0000] {logging_mixin.py:151} WARNING - /home/***/.local/lib/python3.9/site-packages/***/providers/common/sql/hooks/sql.py:219 UserWarning: pandas only supports SQLAlchemy connectable (engine/connection) or database string URI or sqlite3 DBAPI2 connection. Other DBAPI2 objects are not tested. Please consider using SQLAlchemy.
[2025-07-09T10:44:16.974+0000] {ecommerce_etl_dag.py:122} INFO - Extracted 908 products
[2025-07-09T10:44:16.979+0000] {base.py:73} INFO - Using connection ID 'postgres_data' for task execution.
[2025-07-09T10:44:17.002+0000] {ecommerce_etl_dag.py:141} INFO - Loaded 908 products vào dim_products
[2025-07-09T10:44:17.002+0000] {python.py:194} INFO - Done. Returned value was: None
[2025-07-09T10:44:17.010+0000] {taskinstance.py:1400} INFO - Marking task as SUCCESS. dag_id=ecommerce_etl_pipeline, task_id=extract_transform_products, execution_date=20250709T104315, start_date=20250709T104416, end_date=20250709T104417
[2025-07-09T10:44:17.029+0000] {local_task_job_runner.py:228} INFO - Task exited with return code 0
[2025-07-09T10:44:17.131+0000] {taskinstance.py:2784} INFO - 0 downstream tasks scheduled from follow-on schedule check
