[2025-07-10T01:48:47.634+0000] {taskinstance.py:1159} INFO - Dependencies all met for dep_context=non-requeueable deps ti=<TaskInstance: ecommerce_etl_pipeline.extract_transform_products scheduled__2025-07-09T11:05:15.291024+00:00 [queued]>
[2025-07-10T01:48:47.644+0000] {taskinstance.py:1159} INFO - Dependencies all met for dep_context=requeueable deps ti=<TaskInstance: ecommerce_etl_pipeline.extract_transform_products scheduled__2025-07-09T11:05:15.291024+00:00 [queued]>
[2025-07-10T01:48:47.645+0000] {taskinstance.py:1361} INFO - Starting attempt 1 of 4
[2025-07-10T01:48:47.662+0000] {taskinstance.py:1382} INFO - Executing <Task(PythonOperator): extract_transform_products> on 2025-07-09 11:05:15.291024+00:00
[2025-07-10T01:48:47.665+0000] {standard_task_runner.py:57} INFO - Started process 194 to run task
[2025-07-10T01:48:47.679+0000] {standard_task_runner.py:84} INFO - Running: ['***', 'tasks', 'run', 'ecommerce_etl_pipeline', 'extract_transform_products', 'scheduled__2025-07-09T11:05:15.291024+00:00', '--job-id', '661', '--raw', '--subdir', 'DAGS_FOLDER/ecommerce_etl_dag.py', '--cfg-path', '/tmp/tmpjqurp0lv']
[2025-07-10T01:48:47.683+0000] {standard_task_runner.py:85} INFO - Job 661: Subtask extract_transform_products
[2025-07-10T01:48:48.034+0000] {task_command.py:415} INFO - Running <TaskInstance: ecommerce_etl_pipeline.extract_transform_products scheduled__2025-07-09T11:05:15.291024+00:00 [running]> on host fc060bb3c09b
[2025-07-10T01:48:48.178+0000] {taskinstance.py:1660} INFO - Exporting env vars: AIRFLOW_CTX_DAG_OWNER='data_team' AIRFLOW_CTX_DAG_ID='ecommerce_etl_pipeline' AIRFLOW_CTX_TASK_ID='extract_transform_products' AIRFLOW_CTX_EXECUTION_DATE='2025-07-09T11:05:15.291024+00:00' AIRFLOW_CTX_TRY_NUMBER='1' AIRFLOW_CTX_DAG_RUN_ID='scheduled__2025-07-09T11:05:15.291024+00:00'
[2025-07-10T01:48:48.179+0000] {ecommerce_etl_dag.py:93} INFO - Bắt đầu extract products data...
[2025-07-10T01:48:48.188+0000] {base.py:73} INFO - Using connection ID 'postgres_data' for task execution.
[2025-07-10T01:48:48.196+0000] {sql.py:418} INFO - Running statement: TRUNCATE TABLE target_data.dim_products CASCADE;, parameters: None
[2025-07-10T01:48:48.258+0000] {base.py:73} INFO - Using connection ID 'postgres_data' for task execution.
[2025-07-10T01:48:48.269+0000] {logging_mixin.py:151} WARNING - /home/***/.local/lib/python3.9/site-packages/***/providers/common/sql/hooks/sql.py:219 UserWarning: pandas only supports SQLAlchemy connectable (engine/connection) or database string URI or sqlite3 DBAPI2 connection. Other DBAPI2 objects are not tested. Please consider using SQLAlchemy.
[2025-07-10T01:48:48.278+0000] {ecommerce_etl_dag.py:122} INFO - Extracted 908 products
[2025-07-10T01:48:48.291+0000] {base.py:73} INFO - Using connection ID 'postgres_data' for task execution.
[2025-07-10T01:48:48.326+0000] {ecommerce_etl_dag.py:146} ERROR - Lỗi trong extract_and_transform_products: duplicate key value violates unique constraint "dim_products_product_id_key"
DETAIL:  Key (product_id)=(1) already exists.

[2025-07-10T01:48:48.327+0000] {taskinstance.py:1943} ERROR - Task failed with exception
Traceback (most recent call last):
  File "/home/airflow/.local/lib/python3.9/site-packages/airflow/operators/python.py", line 192, in execute
    return_value = self.execute_callable()
  File "/home/airflow/.local/lib/python3.9/site-packages/airflow/operators/python.py", line 209, in execute_callable
    return self.python_callable(*self.op_args, **self.op_kwargs)
  File "/opt/airflow/dags/ecommerce_etl_dag.py", line 137, in extract_and_transform_products
    execute_values(cur, insert_query, data_tuples)
  File "/home/airflow/.local/lib/python3.9/site-packages/psycopg2/extras.py", line 1299, in execute_values
    cur.execute(b''.join(parts))
psycopg2.errors.UniqueViolation: duplicate key value violates unique constraint "dim_products_product_id_key"
DETAIL:  Key (product_id)=(1) already exists.

[2025-07-10T01:48:48.339+0000] {taskinstance.py:1400} INFO - Marking task as UP_FOR_RETRY. dag_id=ecommerce_etl_pipeline, task_id=extract_transform_products, execution_date=20250709T110515, start_date=20250710T014847, end_date=20250710T014848
[2025-07-10T01:48:48.355+0000] {standard_task_runner.py:104} ERROR - Failed to execute job 661 for task extract_transform_products (duplicate key value violates unique constraint "dim_products_product_id_key"
DETAIL:  Key (product_id)=(1) already exists.
; 194)
[2025-07-10T01:48:48.393+0000] {local_task_job_runner.py:228} INFO - Task exited with return code 1
[2025-07-10T01:48:48.788+0000] {taskinstance.py:2784} INFO - 0 downstream tasks scheduled from follow-on schedule check
