[2025-07-09T09:13:31.257+0000] {taskinstance.py:1159} INFO - Dependencies all met for dep_context=non-requeueable deps ti=<TaskInstance: ecommerce_etl_pipeline.extract_transform_customers scheduled__2025-07-09T09:12:29.896960+00:00 [queued]>
[2025-07-09T09:13:31.263+0000] {taskinstance.py:1159} INFO - Dependencies all met for dep_context=requeueable deps ti=<TaskInstance: ecommerce_etl_pipeline.extract_transform_customers scheduled__2025-07-09T09:12:29.896960+00:00 [queued]>
[2025-07-09T09:13:31.264+0000] {taskinstance.py:1361} INFO - Starting attempt 1 of 4
[2025-07-09T09:13:31.272+0000] {taskinstance.py:1382} INFO - Executing <Task(PythonOperator): extract_transform_customers> on 2025-07-09 09:12:29.896960+00:00
[2025-07-09T09:13:31.276+0000] {standard_task_runner.py:57} INFO - Started process 346 to run task
[2025-07-09T09:13:31.278+0000] {standard_task_runner.py:84} INFO - Running: ['***', 'tasks', 'run', 'ecommerce_etl_pipeline', 'extract_transform_customers', 'scheduled__2025-07-09T09:12:29.896960+00:00', '--job-id', '24', '--raw', '--subdir', 'DAGS_FOLDER/ecommerce_etl_dag.py', '--cfg-path', '/tmp/tmpfqq0s3j0']
[2025-07-09T09:13:31.280+0000] {standard_task_runner.py:85} INFO - Job 24: Subtask extract_transform_customers
[2025-07-09T09:13:31.425+0000] {task_command.py:415} INFO - Running <TaskInstance: ecommerce_etl_pipeline.extract_transform_customers scheduled__2025-07-09T09:12:29.896960+00:00 [running]> on host fc060bb3c09b
[2025-07-09T09:13:31.477+0000] {taskinstance.py:1660} INFO - Exporting env vars: AIRFLOW_CTX_DAG_OWNER='data_team' AIRFLOW_CTX_DAG_ID='ecommerce_etl_pipeline' AIRFLOW_CTX_TASK_ID='extract_transform_customers' AIRFLOW_CTX_EXECUTION_DATE='2025-07-09T09:12:29.896960+00:00' AIRFLOW_CTX_TRY_NUMBER='1' AIRFLOW_CTX_DAG_RUN_ID='scheduled__2025-07-09T09:12:29.896960+00:00'
[2025-07-09T09:13:31.478+0000] {ecommerce_etl_dag.py:32} INFO - Bắt đầu extract customers data...
[2025-07-09T09:13:31.483+0000] {base.py:73} INFO - Using connection ID 'postgres_data' for task execution.
[2025-07-09T09:13:31.486+0000] {sql.py:418} INFO - Running statement: TRUNCATE TABLE target_data.dim_customers CASCADE;, parameters: None
[2025-07-09T09:13:31.497+0000] {base.py:73} INFO - Using connection ID 'postgres_data' for task execution.
[2025-07-09T09:13:31.504+0000] {logging_mixin.py:151} WARNING - /home/***/.local/lib/python3.9/site-packages/***/providers/common/sql/hooks/sql.py:219 UserWarning: pandas only supports SQLAlchemy connectable (engine/connection) or database string URI or sqlite3 DBAPI2 connection. Other DBAPI2 objects are not tested. Please consider using SQLAlchemy.
[2025-07-09T09:13:31.506+0000] {ecommerce_etl_dag.py:59} INFO - Extracted 5 customers
[2025-07-09T09:13:31.512+0000] {base.py:73} INFO - Using connection ID 'postgres_data' for task execution.
[2025-07-09T09:13:31.516+0000] {ecommerce_etl_dag.py:83} INFO - Loaded 5 customers vào dim_customers
[2025-07-09T09:13:31.516+0000] {python.py:194} INFO - Done. Returned value was: None
[2025-07-09T09:13:31.521+0000] {taskinstance.py:1400} INFO - Marking task as SUCCESS. dag_id=ecommerce_etl_pipeline, task_id=extract_transform_customers, execution_date=20250709T091229, start_date=20250709T091331, end_date=20250709T091331
[2025-07-09T09:13:31.538+0000] {local_task_job_runner.py:228} INFO - Task exited with return code 0
[2025-07-09T09:13:31.716+0000] {taskinstance.py:2784} INFO - 0 downstream tasks scheduled from follow-on schedule check
