[2025-07-09T09:17:41.594+0000] {taskinstance.py:1159} INFO - Dependencies all met for dep_context=non-requeueable deps ti=<TaskInstance: ecommerce_etl_pipeline.extract_transform_sales scheduled__2025-07-09T09:15:37.078656+00:00 [queued]>
[2025-07-09T09:17:41.605+0000] {taskinstance.py:1159} INFO - Dependencies all met for dep_context=requeueable deps ti=<TaskInstance: ecommerce_etl_pipeline.extract_transform_sales scheduled__2025-07-09T09:15:37.078656+00:00 [queued]>
[2025-07-09T09:17:41.606+0000] {taskinstance.py:1361} INFO - Starting attempt 2 of 4
[2025-07-09T09:17:41.620+0000] {taskinstance.py:1382} INFO - Executing <Task(PythonOperator): extract_transform_sales> on 2025-07-09 09:15:37.078656+00:00
[2025-07-09T09:17:41.626+0000] {standard_task_runner.py:57} INFO - Started process 222 to run task
[2025-07-09T09:17:41.628+0000] {standard_task_runner.py:84} INFO - Running: ['***', 'tasks', 'run', 'ecommerce_etl_pipeline', 'extract_transform_sales', 'scheduled__2025-07-09T09:15:37.078656+00:00', '--job-id', '82', '--raw', '--subdir', 'DAGS_FOLDER/ecommerce_etl_dag.py', '--cfg-path', '/tmp/tmpuexc6dg2']
[2025-07-09T09:17:41.632+0000] {standard_task_runner.py:85} INFO - Job 82: Subtask extract_transform_sales
[2025-07-09T09:17:41.680+0000] {task_command.py:415} INFO - Running <TaskInstance: ecommerce_etl_pipeline.extract_transform_sales scheduled__2025-07-09T09:15:37.078656+00:00 [running]> on host fc060bb3c09b
[2025-07-09T09:17:41.770+0000] {taskinstance.py:1660} INFO - Exporting env vars: AIRFLOW_CTX_DAG_OWNER='data_team' AIRFLOW_CTX_DAG_ID='ecommerce_etl_pipeline' AIRFLOW_CTX_TASK_ID='extract_transform_sales' AIRFLOW_CTX_EXECUTION_DATE='2025-07-09T09:15:37.078656+00:00' AIRFLOW_CTX_TRY_NUMBER='2' AIRFLOW_CTX_DAG_RUN_ID='scheduled__2025-07-09T09:15:37.078656+00:00'
[2025-07-09T09:17:42.052+0000] {ecommerce_etl_dag.py:151} INFO - Bắt đầu extract sales data...
[2025-07-09T09:17:42.071+0000] {base.py:73} INFO - Using connection ID 'postgres_data' for task execution.
[2025-07-09T09:17:42.084+0000] {sql.py:418} INFO - Running statement: TRUNCATE TABLE target_data.fact_sales CASCADE;, parameters: None
[2025-07-09T09:17:42.114+0000] {base.py:73} INFO - Using connection ID 'postgres_data' for task execution.
[2025-07-09T09:17:42.135+0000] {logging_mixin.py:151} WARNING - /home/***/.local/lib/python3.9/site-packages/***/providers/common/sql/hooks/sql.py:219 UserWarning: pandas only supports SQLAlchemy connectable (engine/connection) or database string URI or sqlite3 DBAPI2 connection. Other DBAPI2 objects are not tested. Please consider using SQLAlchemy.
[2025-07-09T09:17:42.143+0000] {ecommerce_etl_dag.py:178} INFO - Extracted 7 sales records
[2025-07-09T09:17:42.155+0000] {base.py:73} INFO - Using connection ID 'postgres_data' for task execution.
[2025-07-09T09:17:42.166+0000] {ecommerce_etl_dag.py:197} INFO - Loaded 7 sales records vào fact_sales
[2025-07-09T09:17:42.168+0000] {python.py:194} INFO - Done. Returned value was: None
[2025-07-09T09:17:42.180+0000] {taskinstance.py:1400} INFO - Marking task as SUCCESS. dag_id=ecommerce_etl_pipeline, task_id=extract_transform_sales, execution_date=20250709T091537, start_date=20250709T091741, end_date=20250709T091742
[2025-07-09T09:17:42.224+0000] {local_task_job_runner.py:228} INFO - Task exited with return code 0
[2025-07-09T09:17:42.246+0000] {taskinstance.py:2784} INFO - 1 downstream tasks scheduled from follow-on schedule check
